  Pi22的分数表达fractionExpressionPi230101.cpp
E:\vcpkg\installed\x64-windows\include\gmp.h(1785,19): warning C4244: “return”: 从“mp_limb_t”转换到“unsigned long”，可能丢失数据
E:\vcpkg\installed\x64-windows\include\gmp.h(2230,16): warning C4146: 一元负运算符应用于无符号类型，结果仍为无符号类型
E:\vcpkg\installed\x64-windows\include\gmpxx.h(101,26): warning C4146: 一元负运算符应用于无符号类型，结果仍为无符号类型
E:\vcpkg\installed\x64-windows\include\gmpxx.h(155,6): warning C4146: 一元负运算符应用于无符号类型，结果仍为无符号类型
E:\vcpkg\installed\x64-windows\include\gmpxx.h(206,24): warning C4146: 一元负运算符应用于无符号类型，结果仍为无符号类型
E:\vcpkg\installed\x64-windows\include\gmpxx.h(278,24): warning C4146: 一元负运算符应用于无符号类型，结果仍为无符号类型
E:\vcpkg\installed\x64-windows\include\gmpxx.h(322,24): warning C4146: 一元负运算符应用于无符号类型，结果仍为无符号类型
E:\vcpkg\installed\x64-windows\include\gmpxx.h(330,26): warning C4146: 一元负运算符应用于无符号类型，结果仍为无符号类型
E:\vcpkg\installed\x64-windows\include\gmpxx.h(372,37): warning C4146: 一元负运算符应用于无符号类型，结果仍为无符号类型
E:\vcpkg\installed\x64-windows\include\gmpxx.h(407,24): warning C4146: 一元负运算符应用于无符号类型，结果仍为无符号类型
E:\vcpkg\installed\x64-windows\include\gmpxx.h(414,24): warning C4146: 一元负运算符应用于无符号类型，结果仍为无符号类型
E:\vcpkg\installed\x64-windows\include\gmpxx.h(442,36): warning C4146: 一元负运算符应用于无符号类型，结果仍为无符号类型
E:\vcpkg\installed\x64-windows\include\gmpxx.h(525,20): warning C4146: 一元负运算符应用于无符号类型，结果仍为无符号类型
E:\vcpkg\installed\x64-windows\include\gmpxx.h(570,20): warning C4146: 一元负运算符应用于无符号类型，结果仍为无符号类型
E:\vcpkg\installed\x64-windows\include\gmpxx.h(599,19): warning C4146: 一元负运算符应用于无符号类型，结果仍为无符号类型
E:\vcpkg\installed\x64-windows\include\gmpxx.h(667,13): warning C4146: 一元负运算符应用于无符号类型，结果仍为无符号类型
E:\vcpkg\installed\x64-windows\include\gmpxx.h(720,20): warning C4146: 一元负运算符应用于无符号类型，结果仍为无符号类型
E:\vcpkg\installed\x64-windows\include\gmpxx.h(764,19): warning C4146: 一元负运算符应用于无符号类型，结果仍为无符号类型
E:\vcpkg\installed\x64-windows\include\gmpxx.h(774,16): warning C4146: 一元负运算符应用于无符号类型，结果仍为无符号类型
E:\vcpkg\installed\x64-windows\include\gmpxx.h(1292,10): warning C4146: 一元负运算符应用于无符号类型，结果仍为无符号类型
E:\vcpkg\installed\x64-windows\include\gmpxx.h(1593,12): warning C4146: 一元负运算符应用于无符号类型，结果仍为无符号类型
E:\vcpkg\installed\x64-windows\include\gmpxx.h(1617,10): warning C4146: 一元负运算符应用于无符号类型，结果仍为无符号类型
E:\Git\gmpKunPi2201\尝试ULongLong再次用4分之1Pi(因全pi不精确_尝试加Gmp高精_先算好4分之一Pi再尝试整PI_用unsignedShortInt尝试四分之一按分母步进分数Pi230102\Pi22的分数表达fractionExpressionPi230101\Pi22的分数表达fractionExpressionPi230101.cpp(40,20): warning C4244: “=”: 从“long double”转换到“ULL”，可能丢失数据
E:\Git\gmpKunPi2201\尝试ULongLong再次用4分之1Pi(因全pi不精确_尝试加Gmp高精_先算好4分之一Pi再尝试整PI_用unsignedShortInt尝试四分之一按分母步进分数Pi230102\Pi22的分数表达fractionExpressionPi230101\Pi22的分数表达fractionExpressionPi230101.cpp(48,13): warning C4244: “=”: 从“unsigned __int64”转换到“long double”，可能丢失数据
E:\Git\gmpKunPi2201\尝试ULongLong再次用4分之1Pi(因全pi不精确_尝试加Gmp高精_先算好4分之一Pi再尝试整PI_用unsignedShortInt尝试四分之一按分母步进分数Pi230102\Pi22的分数表达fractionExpressionPi230101\Pi22的分数表达fractionExpressionPi230101.cpp(54,13): warning C4244: “=”: 从“unsigned __int64”转换到“long double”，可能丢失数据
E:\Git\gmpKunPi2201\尝试ULongLong再次用4分之1Pi(因全pi不精确_尝试加Gmp高精_先算好4分之一Pi再尝试整PI_用unsignedShortInt尝试四分之一按分母步进分数Pi230102\Pi22的分数表达fractionExpressionPi230101\Pi22的分数表达fractionExpressionPi230101.cpp(61,13): warning C4244: “=”: 从“unsigned __int64”转换到“long double”，可能丢失数据
E:\Git\gmpKunPi2201\尝试ULongLong再次用4分之1Pi(因全pi不精确_尝试加Gmp高精_先算好4分之一Pi再尝试整PI_用unsignedShortInt尝试四分之一按分母步进分数Pi230102\Pi22的分数表达fractionExpressionPi230101\Pi22的分数表达fractionExpressionPi230101.cpp(149,28): warning C4244: “=”: 从“long double”转换到“unsigned __int64”，可能丢失数据
  Pi22的分数表达fractionExpressionPi230101.vcxproj -> E:\Git\gmpKunPi2201\尝试ULongLong再次用4分之1Pi(因全pi不精确_尝试加Gmp高精_先算好4分之一Pi再尝试整PI_用unsignedShortInt尝试四分之一按分母步进分数Pi230102\x64\Debug\Pi22的分数表达fractionExpressionPi230101.exe
